# JRE version: OpenJDK Runtime Environment (8.0_212-b04) (build 1.8.0_212-release-1586-b04)
# Java VM: OpenJDK 64-Bit Server VM (25.212-b04 mixed mode windows-amd64 compressed oops)
Heap:
 PSYoungGen      total 188416K, used 118596K [0x00000000e0000000, 0x00000000f2d80000, 0x0000000100000000)
  eden space 157184K, 55% used [0x00000000e0000000,0x00000000e5554978,0x00000000e9980000)
  from space 31232K, 99% used [0x00000000e9980000,0x00000000eb7fc9d8,0x00000000eb800000)
  to   space 54272K, 0% used [0x00000000ef880000,0x00000000ef880000,0x00000000f2d80000)
 ParOldGen       total 311808K, used 99005K [0x00000000a0000000, 0x00000000b3080000, 0x00000000e0000000)
  object space 311808K, 31% used [0x00000000a0000000,0x00000000a60af4b8,0x00000000b3080000)
 Metaspace       used 71342K, capacity 74961K, committed 75288K, reserved 1114112K
  class space    used 9734K, capacity 10453K, committed 10536K, reserved 1048576K
GC Heap History (10 events):
Event: 12.179 GC heap before
{Heap before GC invocations=14 (full 3):
 PSYoungGen      total 141312K, used 138566K [0x00000000e0000000, 0x00000000ea380000, 0x0000000100000000)
  eden space 127488K, 100% used [0x00000000e0000000,0x00000000e7c80000,0x00000000e7c80000)
  from space 13824K, 80% used [0x00000000e9600000,0x00000000ea0d1be8,0x00000000ea380000)
  to   space 19968K, 0% used [0x00000000e7c80000,0x00000000e7c80000,0x00000000e9000000)
 ParOldGen       total 311808K, used 37521K [0x00000000a0000000, 0x00000000b3080000, 0x00000000e0000000)
  object space 311808K, 12% used [0x00000000a0000000,0x00000000a24a4690,0x00000000b3080000)
 Metaspace       used 61885K, capacity 64209K, committed 64280K, reserved 1103872K
  class space    used 8389K, capacity 8929K, committed 9000K, reserved 1048576K
Event: 12.186 GC heap after
Heap after GC invocations=14 (full 3):
 PSYoungGen      total 147456K, used 16908K [0x00000000e0000000, 0x00000000eb280000, 0x0000000100000000)
  eden space 127488K, 0% used [0x00000000e0000000,0x00000000e0000000,0x00000000e7c80000)
  from space 19968K, 84% used [0x00000000e7c80000,0x00000000e8d03148,0x00000000e9000000)
  to   space 20992K, 0% used [0x00000000e9e00000,0x00000000e9e00000,0x00000000eb280000)
 ParOldGen       total 311808K, used 37529K [0x00000000a0000000, 0x00000000b3080000, 0x00000000e0000000)
  object space 311808K, 12% used [0x00000000a0000000,0x00000000a24a6690,0x00000000b3080000)
 Metaspace       used 61885K, capacity 64209K, committed 64280K, reserved 1103872K
  class space    used 8389K, capacity 8929K, committed 9000K, reserved 1048576K
}
Event: 13.156 GC heap before
{Heap before GC invocations=15 (full 3):
 PSYoungGen      total 147456K, used 144396K [0x00000000e0000000, 0x00000000eb280000, 0x0000000100000000)
  eden space 127488K, 100% used [0x00000000e0000000,0x00000000e7c80000,0x00000000e7c80000)
  from space 19968K, 84% used [0x00000000e7c80000,0x00000000e8d03148,0x00000000e9000000)
  to   space 20992K, 0% used [0x00000000e9e00000,0x00000000e9e00000,0x00000000eb280000)
 ParOldGen       total 311808K, used 37529K [0x00000000a0000000, 0x00000000b3080000, 0x00000000e0000000)
  object space 311808K, 12% used [0x00000000a0000000,0x00000000a24a6690,0x00000000b3080000)
 Metaspace       used 68514K, capacity 71605K, committed 71832K, reserved 1112064K
  class space    used 9438K, capacity 10115K, committed 10152K, reserved 1048576K
Event: 13.172 GC heap after
Heap after GC invocations=15 (full 3):
 PSYoungGen      total 155648K, used 20965K [0x00000000e0000000, 0x00000000ec200000, 0x0000000100000000)
  eden space 134656K, 0% used [0x00000000e0000000,0x00000000e0000000,0x00000000e8380000)
  from space 20992K, 99% used [0x00000000e9e00000,0x00000000eb279680,0x00000000eb280000)
  to   space 27136K, 0% used [0x00000000e8380000,0x00000000e8380000,0x00000000e9e00000)
 ParOldGen       total 311808K, used 47684K [0x00000000a0000000, 0x00000000b3080000, 0x00000000e0000000)
  object space 311808K, 15% used [0x00000000a0000000,0x00000000a2e911e0,0x00000000b3080000)
 Metaspace       used 68514K, capacity 71605K, committed 71832K, reserved 1112064K
  class space    used 9438K, capacity 10115K, committed 10152K, reserved 1048576K
}
Event: 13.525 GC heap before
{Heap before GC invocations=16 (full 3):
 PSYoungGen      total 155648K, used 155621K [0x00000000e0000000, 0x00000000ec200000, 0x0000000100000000)
  eden space 134656K, 100% used [0x00000000e0000000,0x00000000e8380000,0x00000000e8380000)
  from space 20992K, 99% used [0x00000000e9e00000,0x00000000eb279680,0x00000000eb280000)
  to   space 27136K, 0% used [0x00000000e8380000,0x00000000e8380000,0x00000000e9e00000)
 ParOldGen       total 311808K, used 47684K [0x00000000a0000000, 0x00000000b3080000, 0x00000000e0000000)
  object space 311808K, 15% used [0x00000000a0000000,0x00000000a2e911e0,0x00000000b3080000)
 Metaspace       used 69943K, capacity 73277K, committed 73624K, reserved 1112064K
  class space    used 9608K, capacity 10291K, committed 10408K, reserved 1048576K
Event: 13.537 GC heap after
Heap after GC invocations=16 (full 3):
 PSYoungGen      total 161792K, used 22491K [0x00000000e0000000, 0x00000000ed480000, 0x0000000100000000)
  eden space 134656K, 0% used [0x00000000e0000000,0x00000000e0000000,0x00000000e8380000)
  from space 27136K, 82% used [0x00000000e8380000,0x00000000e9976cc8,0x00000000e9e00000)
  to   space 29184K, 0% used [0x00000000eb800000,0x00000000eb800000,0x00000000ed480000)
 ParOldGen       total 311808K, used 47692K [0x00000000a0000000, 0x00000000b3080000, 0x00000000e0000000)
  object space 311808K, 15% used [0x00000000a0000000,0x00000000a2e931e0,0x00000000b3080000)
 Metaspace       used 69943K, capacity 73277K, committed 73624K, reserved 1112064K
  class space    used 9608K, capacity 10291K, committed 10408K, reserved 1048576K
}
Event: 14.094 GC heap before
{Heap before GC invocations=17 (full 3):
 PSYoungGen      total 161792K, used 157147K [0x00000000e0000000, 0x00000000ed480000, 0x0000000100000000)
  eden space 134656K, 100% used [0x00000000e0000000,0x00000000e8380000,0x00000000e8380000)
  from space 27136K, 82% used [0x00000000e8380000,0x00000000e9976cc8,0x00000000e9e00000)
  to   space 29184K, 0% used [0x00000000eb800000,0x00000000eb800000,0x00000000ed480000)
 ParOldGen       total 311808K, used 47692K [0x00000000a0000000, 0x00000000b3080000, 0x00000000e0000000)
  object space 311808K, 15% used [0x00000000a0000000,0x00000000a2e931e0,0x00000000b3080000)
 Metaspace       used 70511K, capacity 73913K, committed 74136K, reserved 1114112K
  class space    used 9641K, capacity 10337K, committed 10408K, reserved 1048576K
Event: 14.105 GC heap after
Heap after GC invocations=17 (full 3):
 PSYoungGen      total 186368K, used 24914K [0x00000000e0000000, 0x00000000eda00000, 0x0000000100000000)
  eden space 157184K, 0% used [0x00000000e0000000,0x00000000e0000000,0x00000000e9980000)
  from space 29184K, 85% used [0x00000000eb800000,0x00000000ed054958,0x00000000ed480000)
  to   space 31232K, 0% used [0x00000000e9980000,0x00000000e9980000,0x00000000eb800000)
 ParOldGen       total 311808K, used 47700K [0x00000000a0000000, 0x00000000b3080000, 0x00000000e0000000)
  object space 311808K, 15% used [0x00000000a0000000,0x00000000a2e951e0,0x00000000b3080000)
 Metaspace       used 70511K, capacity 73913K, committed 74136K, reserved 1114112K
  class space    used 9641K, capacity 10337K, committed 10408K, reserved 1048576K
}
Event: 14.592 GC heap before
{Heap before GC invocations=18 (full 3):
 PSYoungGen      total 186368K, used 182098K [0x00000000e0000000, 0x00000000eda00000, 0x0000000100000000)
  eden space 157184K, 100% used [0x00000000e0000000,0x00000000e9980000,0x00000000e9980000)
  from space 29184K, 85% used [0x00000000eb800000,0x00000000ed054958,0x00000000ed480000)
  to   space 31232K, 0% used [0x00000000e9980000,0x00000000e9980000,0x00000000eb800000)
 ParOldGen       total 311808K, used 47700K [0x00000000a0000000, 0x00000000b3080000, 0x00000000e0000000)
  object space 311808K, 15% used [0x00000000a0000000,0x00000000a2e951e0,0x00000000b3080000)
 Metaspace       used 71268K, capacity 74821K, committed 75032K, reserved 1114112K
  class space    used 9732K, capacity 10453K, committed 10536K, reserved 1048576K
Event: 14.626 GC heap after
Heap after GC invocations=18 (full 3):
 PSYoungGen      total 188416K, used 31218K [0x00000000e0000000, 0x00000000f2d80000, 0x0000000100000000)
  eden space 157184K, 0% used [0x00000000e0000000,0x00000000e0000000,0x00000000e9980000)
  from space 31232K, 99% used [0x00000000e9980000,0x00000000eb7fc9d8,0x00000000eb800000)
  to   space 54272K, 0% used [0x00000000ef880000,0x00000000ef880000,0x00000000f2d80000)
 ParOldGen       total 311808K, used 99005K [0x00000000a0000000, 0x00000000b3080000, 0x00000000e0000000)
  object space 311808K, 31% used [0x00000000a0000000,0x00000000a60af4b8,0x00000000b3080000)
 Metaspace       used 71268K, capacity 74821K, committed 75032K, reserved 1114112K
  class space    used 9732K, capacity 10453K, committed 10536K, reserved 1048576K
}

